2025-06-17 22:00:05,940 - __main__ - INFO - Запуск бота
2025-06-17 22:00:05,958 - __main__ - INFO - База данных инициализирована
2025-06-17 22:00:31,701 - __main__ - INFO - Запуск бота
2025-06-17 22:00:31,705 - __main__ - INFO - База данных инициализирована
2025-06-17 22:01:15,483 - __main__ - INFO - Запуск бота
2025-06-17 22:01:15,486 - __main__ - INFO - База данных инициализирована
2025-06-17 22:01:15,487 - __main__ - INFO - Загрузка переменных окружения
2025-06-17 22:01:15,488 - __main__ - INFO - BOT_TOKEN загружен: True
2025-06-17 22:01:15,750 - __main__ - INFO - Регистрация обработчиков
2025-06-17 22:01:15,751 - __main__ - INFO - Зарегистрирован обработчик /start
2025-06-17 22:01:15,752 - __main__ - INFO - Зарегистрирован обработчик Аккаунты
2025-06-17 22:01:15,752 - __main__ - INFO - Зарегистрирован обработчик Назад
2025-06-17 22:01:15,752 - __main__ - INFO - Зарегистрирован обработчик Одиночное добавление
2025-06-17 22:01:15,752 - __main__ - INFO - Зарегистрирован обработчик Массовое добавление
2025-06-17 22:01:15,753 - __main__ - INFO - Зарегистрирован обработчик ввода данных
2025-06-17 22:01:15,753 - __main__ - INFO - Зарегистрирован обработчик ввода данных для массового добавления
2025-06-17 22:01:15,753 - __main__ - INFO - Зарегистрирован обработчик загрузки файла
2025-06-17 22:01:15,754 - __main__ - INFO - Бот запущен
2025-06-17 22:04:31,860 - __main__ - INFO - Запуск бота
2025-06-17 22:04:31,864 - __main__ - INFO - База данных инициализирована
2025-06-17 22:04:31,866 - __main__ - INFO - Загрузка переменных окружения
2025-06-17 22:04:31,866 - __main__ - INFO - BOT_TOKEN загружен: True
2025-06-17 22:04:32,098 - __main__ - INFO - Регистрация обработчиков
2025-06-17 22:04:32,099 - __main__ - INFO - Зарегистрирован обработчик /start
2025-06-17 22:04:32,099 - __main__ - INFO - Зарегистрирован обработчик Аккаунты
2025-06-17 22:04:32,100 - __main__ - INFO - Зарегистрирован обработчик Назад
2025-06-17 22:04:32,101 - __main__ - INFO - Зарегистрирован обработчик Одиночное добавление
2025-06-17 22:04:32,101 - __main__ - INFO - Зарегистрирован обработчик Массовое добавление
2025-06-17 22:04:32,102 - __main__ - INFO - Зарегистрирован обработчик ввода данных
2025-06-17 22:04:32,102 - __main__ - INFO - Зарегистрирован обработчик ввода данных для массового добавления
2025-06-17 22:04:32,102 - __main__ - INFO - Зарегистрирован обработчик загрузки файла
2025-06-17 22:04:32,103 - __main__ - INFO - Бот запущен
2025-06-17 22:04:32,103 - __main__ - ERROR - Ошибка при запуске бота: name 'check_workers_status' is not defined
2025-06-17 22:05:10,954 - __main__ - INFO - Запуск бота
2025-06-17 22:05:10,957 - __main__ - INFO - База данных инициализирована
2025-06-17 22:05:10,958 - __main__ - INFO - Загрузка переменных окружения
2025-06-17 22:05:10,959 - __main__ - INFO - BOT_TOKEN загружен: True
2025-06-17 22:05:11,199 - __main__ - INFO - Регистрация обработчиков
2025-06-17 22:05:11,200 - __main__ - INFO - Зарегистрирован обработчик /start
2025-06-17 22:05:11,200 - __main__ - INFO - Зарегистрирован обработчик Аккаунты
2025-06-17 22:05:11,201 - __main__ - INFO - Зарегистрирован обработчик Назад
2025-06-17 22:05:11,202 - __main__ - INFO - Зарегистрирован обработчик Одиночное добавление
2025-06-17 22:05:11,202 - __main__ - INFO - Зарегистрирован обработчик Массовое добавление
2025-06-17 22:05:11,203 - __main__ - INFO - Зарегистрирован обработчик ввода данных
2025-06-17 22:05:11,203 - __main__ - INFO - Зарегистрирован обработчик ввода данных для массового добавления
2025-06-17 22:05:11,204 - __main__ - INFO - Зарегистрирован обработчик загрузки файла
2025-06-17 22:05:11,204 - __main__ - INFO - Бот запущен
2025-06-17 22:05:11,205 - __main__ - ERROR - Ошибка при запуске бота: name 'check_workers_status' is not defined
2025-06-17 22:06:22,296 - __main__ - INFO - Запуск бота
2025-06-17 22:06:22,303 - __main__ - INFO - База данных инициализирована
2025-06-17 22:06:22,304 - __main__ - INFO - Загрузка переменных окружения
2025-06-17 22:06:22,307 - __main__ - INFO - BOT_TOKEN загружен: True
2025-06-17 22:06:22,680 - __main__ - INFO - Регистрация обработчиков
2025-06-17 22:06:22,681 - __main__ - INFO - Зарегистрирован обработчик /start
2025-06-17 22:06:22,681 - __main__ - INFO - Зарегистрирован обработчик Аккаунты
2025-06-17 22:06:22,689 - __main__ - INFO - Зарегистрирован обработчик Назад
2025-06-17 22:06:22,690 - __main__ - INFO - Зарегистрирован обработчик Одиночное добавление
2025-06-17 22:06:22,692 - __main__ - INFO - Зарегистрирован обработчик Массовое добавление
2025-06-17 22:06:22,692 - __main__ - INFO - Зарегистрирован обработчик ввода данных
2025-06-17 22:06:22,693 - __main__ - INFO - Зарегистрирован обработчик ввода данных для массового добавления
2025-06-17 22:06:22,693 - __main__ - INFO - Зарегистрирован обработчик загрузки файла
2025-06-17 22:06:22,693 - __main__ - INFO - Бот запущен
2025-06-17 22:09:53,011 - __main__ - INFO - Запуск бота
2025-06-17 22:09:53,015 - __main__ - INFO - База данных инициализирована
2025-06-17 22:09:53,016 - __main__ - INFO - Загрузка переменных окружения
2025-06-17 22:09:53,016 - __main__ - INFO - BOT_TOKEN загружен: True
2025-06-17 22:09:53,291 - __main__ - INFO - Регистрация обработчиков
2025-06-17 22:09:53,291 - __main__ - INFO - Зарегистрирован обработчик /start
2025-06-17 22:09:53,292 - __main__ - INFO - Зарегистрирован обработчик Аккаунты
2025-06-17 22:09:53,292 - __main__ - INFO - Зарегистрирован обработчик Назад
2025-06-17 22:09:53,293 - __main__ - INFO - Зарегистрирован обработчик Одиночное добавление
2025-06-17 22:09:53,294 - __main__ - INFO - Зарегистрирован обработчик Массовое добавление
2025-06-17 22:09:53,294 - __main__ - INFO - Зарегистрирован обработчик ввода данных
2025-06-17 22:09:53,295 - __main__ - INFO - Зарегистрирован обработчик ввода данных для массового добавления
2025-06-17 22:09:53,295 - __main__ - INFO - Зарегистрирован обработчик загрузки файла
2025-06-17 22:09:53,296 - __main__ - INFO - Бот запущен
2025-06-17 22:11:05,190 - __main__ - ERROR - Ошибка формата ввода от пользователя 7214571927
2025-06-17 22:11:07,043 - __main__ - ERROR - Ошибка формата ввода от пользователя 7214571927
2025-06-17 22:14:36,970 - __main__ - INFO - Пользователь 7214571927 запустил бота
2025-06-17 22:14:38,232 - __main__ - INFO - Пользователь 7214571927 открыл меню аккаунтов
2025-06-17 22:14:39,190 - __main__ - INFO - Пользователь 7214571927 начал массовое добавление
2025-06-17 22:14:40,395 - __main__ - ERROR - Ошибка формата ввода от пользователя 7214571927
2025-06-17 22:14:42,060 - __main__ - ERROR - Ошибка формата ввода от пользователя 7214571927
2025-06-17 22:14:52,027 - __main__ - ERROR - Ошибка формата ввода от пользователя 7214571927
2025-06-17 22:14:53,615 - __main__ - ERROR - Ошибка формата ввода от пользователя 7214571927
2025-06-17 22:14:57,182 - __main__ - INFO - Пользователь 7214571927 запустил бота
2025-06-17 22:14:58,184 - __main__ - ERROR - Ошибка формата ввода от пользователя 7214571927
2025-06-17 22:32:33,383 - __main__ - INFO - Запуск бота
2025-06-17 22:32:33,387 - __main__ - INFO - База данных инициализирована
2025-06-17 22:32:33,388 - __main__ - INFO - Загрузка переменных окружения
2025-06-17 22:32:33,389 - __main__ - INFO - BOT_TOKEN загружен: True
2025-06-17 22:32:33,816 - __main__ - INFO - Регистрация обработчиков
2025-06-17 22:32:33,816 - __main__ - INFO - Зарегистрирован обработчик /start
2025-06-17 22:32:33,817 - __main__ - INFO - Зарегистрирован обработчик Аккаунты
2025-06-17 22:32:33,817 - __main__ - INFO - Зарегистрирован обработчик Назад
2025-06-17 22:32:33,817 - __main__ - INFO - Зарегистрирован обработчик Одиночное добавление
2025-06-17 22:32:33,817 - __main__ - INFO - Зарегистрирован обработчик Массовое добавление
2025-06-17 22:32:33,818 - __main__ - INFO - Зарегистрирован обработчик ввода данных
2025-06-17 22:32:33,818 - __main__ - INFO - Зарегистрирован обработчик ввода данных для массового добавления
2025-06-17 22:32:33,818 - __main__ - INFO - Зарегистрирован обработчик загрузки файла
2025-06-17 22:32:33,818 - __main__ - INFO - Бот запущен
2025-06-17 22:40:39,053 - __main__ - INFO - Запуск бота
2025-06-17 22:40:39,058 - __main__ - INFO - База данных инициализирована
2025-06-17 22:40:39,059 - __main__ - INFO - Загрузка переменных окружения
2025-06-17 22:40:39,059 - __main__ - INFO - BOT_TOKEN загружен: True
2025-06-17 22:40:39,325 - __main__ - INFO - Регистрация обработчиков
2025-06-17 22:40:39,325 - __main__ - INFO - Зарегистрирован обработчик /start
2025-06-17 22:40:39,326 - __main__ - INFO - Зарегистрирован обработчик Аккаунты
2025-06-17 22:40:39,326 - __main__ - INFO - Зарегистрирован обработчик Назад
2025-06-17 22:40:39,326 - __main__ - INFO - Зарегистрирован обработчик Одиночное добавление
2025-06-17 22:40:39,327 - __main__ - INFO - Зарегистрирован обработчик Массовое добавление
2025-06-17 22:40:39,327 - __main__ - INFO - Зарегистрирован обработчик ввода данных
2025-06-17 22:40:39,328 - __main__ - INFO - Зарегистрирован обработчик ввода данных для массового добавления
2025-06-17 22:40:39,328 - __main__ - INFO - Зарегистрирован обработчик загрузки файла
2025-06-17 22:40:39,329 - __main__ - INFO - Бот запущен
2025-06-17 22:40:58,003 - __main__ - INFO - Пользователь 7214571927 запустил бота
2025-06-17 22:40:59,927 - __main__ - INFO - Пользователь 7214571927 открыл меню аккаунтов
2025-06-17 22:41:00,789 - __main__ - INFO - Пользователь 7214571927 начал массовое добавление
2025-06-17 22:41:01,741 - __main__ - ERROR - Ошибка формата ввода от пользователя 7214571927
2025-06-17 22:41:03,210 - __main__ - ERROR - Ошибка формата ввода от пользователя 7214571927
2025-06-17 22:44:08,947 - __main__ - INFO - Запуск бота
2025-06-17 22:44:08,948 - __main__ - INFO - Загрузка переменных окружения
2025-06-17 22:44:08,949 - __main__ - INFO - BOT_TOKEN загружен: True
2025-06-17 22:44:09,327 - __main__ - INFO - Регистрация обработчиков
2025-06-17 22:44:09,327 - __main__ - INFO - Зарегистрирован обработчик /start
2025-06-17 22:44:09,328 - __main__ - INFO - Зарегистрирован обработчик Аккаунты
2025-06-17 22:44:09,328 - __main__ - INFO - Зарегистрирован обработчик Назад
2025-06-17 22:44:09,328 - __main__ - INFO - Зарегистрирован обработчик Одиночное добавление
2025-06-17 22:44:09,328 - __main__ - INFO - Зарегистрирован обработчик Массовое добавление
2025-06-17 22:44:09,329 - __main__ - INFO - Зарегистрирован обработчик ввода данных
2025-06-17 22:44:09,329 - __main__ - INFO - Зарегистрирован обработчик ввода данных для массового добавления
2025-06-17 22:44:09,329 - __main__ - INFO - Зарегистрирован обработчик загрузки файла
2025-06-17 22:44:09,329 - __main__ - INFO - Бот запущен
2025-06-17 22:44:13,172 - __main__ - INFO - Пользователь 7214571927 запустил бота
2025-06-17 22:44:14,317 - __main__ - INFO - Пользователь 7214571927 открыл меню аккаунтов
2025-06-17 22:44:15,149 - __main__ - INFO - Пользователь 7214571927 начал одиночное добавление
2025-06-17 22:44:17,578 - __main__ - INFO - Пользователь 7214571927 начал массовое добавление
2025-06-17 22:44:19,310 - __main__ - ERROR - Ошибка формата ввода от пользователя 7214571927
2025-06-17 22:44:21,442 - __main__ - ERROR - Ошибка формата ввода от пользователя 7214571927
2025-06-17 22:44:23,992 - __main__ - INFO - Пользователь 7214571927 открыл меню аккаунтов
2025-06-17 22:44:24,663 - __main__ - INFO - Пользователь 7214571927 начал одиночное добавление
2025-06-17 22:44:40,318 - __main__ - INFO - Пользователь 7214571927 пытается добавить аккаунт bzxxioas
2025-06-17 22:44:40,327 - __main__ - INFO - Успешно добавлен аккаунт bzxxioas
2025-06-17 22:53:18,137 - __main__ - INFO - Запуск бота
2025-06-17 22:53:18,138 - __main__ - INFO - Загрузка переменных окружения
2025-06-17 22:53:18,139 - __main__ - INFO - BOT_TOKEN загружен: True
2025-06-17 22:53:18,400 - __main__ - INFO - Регистрация обработчиков
2025-06-17 22:53:18,400 - __main__ - INFO - Зарегистрирован обработчик /start
2025-06-17 22:53:18,401 - __main__ - INFO - Зарегистрирован обработчик Аккаунты
2025-06-17 22:53:18,401 - __main__ - INFO - Зарегистрирован обработчик Назад
2025-06-17 22:53:18,401 - __main__ - INFO - Зарегистрирован обработчик Одиночное добавление
2025-06-17 22:53:18,402 - __main__ - INFO - Зарегистрирован обработчик Массовое добавление
2025-06-17 22:53:18,402 - __main__ - INFO - Зарегистрирован обработчик ввода данных
2025-06-17 22:53:18,402 - __main__ - INFO - Зарегистрирован обработчик ввода данных для массового добавления
2025-06-17 22:53:18,402 - __main__ - INFO - Зарегистрирован обработчик загрузки файла
2025-06-17 22:53:18,403 - __main__ - INFO - Бот запущен
2025-06-17 22:53:18,716 - __main__ - INFO - Пользователь 7214571927 начал одиночное добавление
2025-06-17 22:53:30,026 - __main__ - INFO - Пользователь 7214571927 запустил бота
2025-06-17 22:53:31,369 - __main__ - INFO - Пользователь 7214571927 открыл меню аккаунтов
2025-06-17 22:53:32,134 - __main__ - INFO - Пользователь 7214571927 начал одиночное добавление
2025-06-17 22:53:33,605 - __main__ - INFO - Пользователь 7214571927 начал массовое добавление
2025-06-17 22:53:34,809 - __main__ - ERROR - Ошибка формата ввода от пользователя 7214571927
2025-06-17 23:01:19,441 - __main__ - INFO - Запуск бота
2025-06-17 23:01:19,442 - __main__ - INFO - Загрузка переменных окружения
2025-06-17 23:01:19,443 - __main__ - INFO - BOT_TOKEN загружен: True
2025-06-17 23:01:19,693 - __main__ - INFO - Регистрация обработчиков
2025-06-17 23:01:19,694 - __main__ - INFO - Зарегистрирован обработчик /start
2025-06-17 23:01:19,694 - __main__ - INFO - Зарегистрирован обработчик Аккаунты
2025-06-17 23:01:19,695 - __main__ - INFO - Зарегистрирован обработчик Назад
2025-06-17 23:01:19,695 - __main__ - INFO - Зарегистрирован обработчик Одиночное добавление
2025-06-17 23:01:19,695 - __main__ - INFO - Зарегистрирован обработчик Массовое добавление
2025-06-17 23:01:19,696 - __main__ - INFO - Зарегистрирован обработчик ввода данных
2025-06-17 23:01:19,697 - __main__ - INFO - Зарегистрирован обработчик ввода данных для массового добавления
2025-06-17 23:01:19,697 - __main__ - INFO - Зарегистрирован обработчик загрузки файла
2025-06-17 23:01:19,697 - __main__ - INFO - Бот запущен
2025-06-17 23:01:24,637 - __main__ - INFO - Пользователь 7214571927 запустил бота
2025-06-17 23:01:25,784 - __main__ - INFO - Пользователь 7214571927 открыл меню аккаунтов
2025-06-17 23:01:26,603 - __main__ - INFO - Пользователь 7214571927 начал одиночное добавление
2025-06-17 23:01:28,460 - __main__ - INFO - Пользователь 7214571927 начал массовое добавление
2025-06-17 23:01:29,678 - __main__ - ERROR - Ошибка формата ввода от пользователя 7214571927
2025-06-17 23:01:29,756 - __main__ - INFO - Пользователь 7214571927 открыл меню аккаунтов
2025-06-17 23:01:32,513 - __main__ - INFO - Пользователь 7214571927 начал массовое добавление
2025-06-17 23:01:33,543 - __main__ - ERROR - Ошибка формата ввода от пользователя 7214571927
2025-06-17 23:01:33,625 - __main__ - INFO - Пользователь 7214571927 открыл меню аккаунтов
2025-06-17 23:01:34,619 - __main__ - INFO - Пользователь 7214571927 начал массовое добавление
2025-06-17 23:01:49,198 - __main__ - ERROR - Ошибка формата ввода от пользователя 7214571927
2025-06-17 23:01:49,277 - __main__ - INFO - Пользователь 7214571927 открыл меню аккаунтов
2025-06-17 23:01:56,063 - __main__ - INFO - Пользователь 7214571927 начал массовое добавление
2025-06-17 23:01:57,184 - __main__ - ERROR - Ошибка формата ввода от пользователя 7214571927
2025-06-17 23:01:57,261 - __main__ - INFO - Пользователь 7214571927 открыл меню аккаунтов
2025-06-17 23:01:58,543 - __main__ - INFO - Пользователь 7214571927 начал массовое добавление
2025-06-17 23:03:29,016 - __main__ - INFO - Запуск бота
2025-06-17 23:03:29,018 - __main__ - INFO - Загрузка переменных окружения
2025-06-17 23:03:29,019 - __main__ - INFO - BOT_TOKEN загружен: True
2025-06-17 23:03:29,288 - __main__ - INFO - Регистрация обработчиков
2025-06-17 23:03:29,289 - __main__ - INFO - Зарегистрирован обработчик /start
2025-06-17 23:03:29,289 - __main__ - INFO - Зарегистрирован обработчик Аккаунты
2025-06-17 23:03:29,290 - __main__ - INFO - Зарегистрирован обработчик Назад
2025-06-17 23:03:29,290 - __main__ - INFO - Зарегистрирован обработчик Одиночное добавление
2025-06-17 23:03:29,291 - __main__ - INFO - Зарегистрирован обработчик Массовое добавление
2025-06-17 23:03:29,292 - __main__ - INFO - Зарегистрирован обработчик ввода данных
2025-06-17 23:03:29,292 - __main__ - INFO - Зарегистрирован обработчик ввода данных для массового добавления
2025-06-17 23:03:29,293 - __main__ - INFO - Зарегистрирован обработчик загрузки файла
2025-06-17 23:03:29,293 - __main__ - INFO - Бот запущен
2025-06-17 23:03:32,063 - __main__ - INFO - Пользователь 7214571927 запустил бота
2025-06-17 23:03:33,060 - __main__ - INFO - Пользователь 7214571927 открыл меню аккаунтов
2025-06-17 23:03:34,553 - __main__ - INFO - Пользователь 7214571927 начал массовое добавление
2025-06-17 23:03:35,403 - __main__ - ERROR - Ошибка формата ввода от пользователя 7214571927
2025-06-17 23:03:35,483 - __main__ - INFO - Пользователь 7214571927 открыл меню аккаунтов
2025-06-17 23:03:46,116 - __main__ - INFO - Пользователь 7214571927 начал массовое добавление
2025-06-17 23:03:49,253 - __main__ - ERROR - Ошибка формата ввода от пользователя 7214571927
2025-06-17 23:03:49,333 - __main__ - INFO - Пользователь 7214571927 открыл меню аккаунтов
2025-06-17 23:03:52,867 - __main__ - INFO - Пользователь 7214571927 начал массовое добавление
2025-06-17 23:05:55,753 - __main__ - INFO - Запуск бота
2025-06-17 23:05:55,754 - __main__ - INFO - Загрузка переменных окружения
2025-06-17 23:05:55,755 - __main__ - INFO - BOT_TOKEN загружен: True
2025-06-17 23:05:56,017 - __main__ - INFO - Регистрация обработчиков
2025-06-17 23:05:56,017 - __main__ - INFO - Зарегистрирован обработчик /start
2025-06-17 23:05:56,017 - __main__ - INFO - Зарегистрирован обработчик Аккаунты
2025-06-17 23:05:56,019 - __main__ - INFO - Зарегистрирован обработчик Назад
2025-06-17 23:05:56,019 - __main__ - INFO - Зарегистрирован обработчик Одиночное добавление
2025-06-17 23:05:56,019 - __main__ - INFO - Зарегистрирован обработчик Массовое добавление
2025-06-17 23:05:56,020 - __main__ - INFO - Зарегистрирован обработчик ввода данных
2025-06-17 23:05:56,020 - __main__ - INFO - Зарегистрирован обработчик ввода данных для массового добавления
2025-06-17 23:05:56,020 - __main__ - INFO - Зарегистрирован обработчик загрузки файла
2025-06-17 23:05:56,020 - __main__ - INFO - Бот запущен
2025-06-17 23:05:58,732 - __main__ - INFO - Пользователь 7214571927 запустил бота
2025-06-17 23:05:59,842 - __main__ - INFO - Пользователь 7214571927 открыл меню аккаунтов
2025-06-17 23:06:00,681 - __main__ - INFO - Пользователь 7214571927 начал одиночное добавление
2025-06-17 23:06:01,521 - __main__ - INFO - Пользователь 7214571927 начал массовое добавление
2025-06-17 23:06:02,719 - __main__ - ERROR - Ошибка формата ввода от пользователя 7214571927
2025-06-17 23:06:02,809 - __main__ - INFO - Пользователь 7214571927 открыл меню аккаунтов
2025-06-17 23:08:34,178 - __main__ - INFO - Запуск бота
2025-06-17 23:08:34,179 - __main__ - INFO - Загрузка переменных окружения
2025-06-17 23:08:34,179 - __main__ - INFO - BOT_TOKEN загружен: True
2025-06-17 23:08:34,186 - __main__ - INFO - База данных инициализирована
2025-06-17 23:08:34,186 - __main__ - INFO - Регистрация обработчиков
2025-06-17 23:08:34,188 - __main__ - INFO - Бот запущен
2025-06-17 23:08:34,958 - __main__ - INFO - Пользователь 7214571927 запустил бота
2025-06-17 23:08:37,176 - __main__ - INFO - Пользователь 7214571927 открыл меню аккаунтов
2025-06-17 23:08:38,289 - __main__ - INFO - Пользователь 7214571927 начал массовое добавление
2025-06-17 23:12:16,730 - __main__ - INFO - Запуск бота
2025-06-17 23:12:16,731 - __main__ - INFO - Загрузка переменных окружения
2025-06-17 23:12:16,731 - __main__ - INFO - BOT_TOKEN загружен: True
2025-06-17 23:12:16,734 - __main__ - INFO - База данных инициализирована
2025-06-17 23:12:16,735 - __main__ - INFO - Регистрация обработчиков
2025-06-17 23:12:16,736 - __main__ - INFO - Бот запущен
2025-06-17 23:12:20,363 - __main__ - INFO - Пользователь 7214571927 запустил бота
2025-06-17 23:12:28,709 - __main__ - INFO - Пользователь 7214571927 открыл меню аккаунтов
2025-06-17 23:12:29,645 - __main__ - INFO - Пользователь 7214571927 начал одиночное добавление
2025-06-17 23:12:31,263 - __main__ - INFO - Пользователь 7214571927 открыл меню аккаунтов
2025-06-17 23:12:31,911 - __main__ - INFO - Пользователь 7214571927 начал массовое добавление
2025-06-17 23:12:47,430 - __main__ - INFO - Пользователь 7214571927 открыл меню аккаунтов
2025-06-17 23:12:47,582 - __main__ - INFO - Пользователь 7214571927 открыл меню аккаунтов
2025-06-17 23:14:45,804 - __main__ - INFO - Запуск бота
2025-06-17 23:14:45,805 - __main__ - INFO - Загрузка переменных окружения
2025-06-17 23:14:45,806 - __main__ - INFO - BOT_TOKEN загружен: True
2025-06-17 23:14:45,809 - __main__ - INFO - База данных инициализирована
2025-06-17 23:14:45,809 - __main__ - INFO - Регистрация обработчиков
2025-06-17 23:14:45,811 - __main__ - INFO - Бот запущен
2025-06-17 23:14:47,707 - __main__ - INFO - Пользователь 7214571927 запустил бота
2025-06-17 23:14:48,817 - __main__ - INFO - Пользователь 7214571927 открыл меню аккаунтов
2025-06-17 23:14:49,692 - __main__ - INFO - Пользователь 7214571927 начал одиночное добавление
2025-06-17 23:14:52,821 - __main__ - INFO - Пользователь 7214571927 открыл меню аккаунтов
2025-06-17 23:14:53,445 - __main__ - INFO - Пользователь 7214571927 начал массовое добавление
2025-06-17 23:15:02,426 - __main__ - INFO - Пользователь 7214571927 открыл меню аккаунтов
2025-06-17 23:15:02,575 - __main__ - INFO - Пользователь 7214571927 открыл меню аккаунтов
2025-06-17 23:17:35,248 - __main__ - INFO - Запуск бота
2025-06-17 23:17:35,249 - __main__ - INFO - Загрузка переменных окружения
2025-06-17 23:17:35,249 - __main__ - INFO - BOT_TOKEN загружен: True
2025-06-17 23:17:35,253 - __main__ - INFO - База данных инициализирована
2025-06-17 23:17:35,253 - __main__ - INFO - Регистрация обработчиков
2025-06-17 23:17:35,254 - __main__ - INFO - Бот запущен
2025-06-17 23:17:42,280 - __main__ - INFO - Пользователь 7214571927 запустил бота
2025-06-17 23:17:43,643 - __main__ - INFO - Пользователь 7214571927 открыл меню аккаунтов
2025-06-17 23:17:44,491 - __main__ - INFO - Пользователь 7214571927 начал одиночное добавление
2025-06-17 23:17:46,430 - __main__ - INFO - Пользователь 7214571927 открыл меню аккаунтов
2025-06-17 23:17:47,027 - __main__ - INFO - Пользователь 7214571927 начал массовое добавление
2025-06-17 23:18:03,022 - __main__ - INFO - Пользователь 7214571927 открыл меню аккаунтов
